\BOOKMARK [1][-]{section.1}{Introduction}{}% 1
\BOOKMARK [2][-]{subsection.1.1}{Definition}{section.1}% 2
\BOOKMARK [2][-]{subsection.1.2}{History and Development}{section.1}% 3
\BOOKMARK [2][-]{subsection.1.3}{Categorisation}{section.1}% 4
\BOOKMARK [1][-]{section.2}{Tool}{}% 5
\BOOKMARK [2][-]{subsection.2.1}{Tree}{section.2}% 6
\BOOKMARK [2][-]{subsection.2.2}{Bayes}{section.2}% 7
\BOOKMARK [2][-]{subsection.2.3}{Other}{section.2}% 8
\BOOKMARK [1][-]{section.3}{List of Algorithm}{}% 9
\BOOKMARK [2][-]{subsection.3.1}{Decision tree learning}{section.3}% 10
\BOOKMARK [2][-]{subsection.3.2}{Artificial neural network \(ANNs\)}{section.3}% 11
\BOOKMARK [2][-]{subsection.3.3}{Support vector machines \(SVMs\)}{section.3}% 12
\BOOKMARK [2][-]{subsection.3.4}{Relevance vector machine \(RVM\)}{section.3}% 13
\BOOKMARK [2][-]{subsection.3.5}{Cluster analysis}{section.3}% 14
\BOOKMARK [2][-]{subsection.3.6}{Bayesian networks}{section.3}% 15
\BOOKMARK [2][-]{subsection.3.7}{Genetic algorithms}{section.3}% 16
\BOOKMARK [2][-]{subsection.3.8}{Bootstrap}{section.3}% 17
\BOOKMARK [2][-]{subsection.3.9}{ANOVA}{section.3}% 18
\BOOKMARK [2][-]{subsection.3.10}{Logistic regression}{section.3}% 19
\BOOKMARK [2][-]{subsection.3.11}{k-nearest neighbor}{section.3}% 20
