\BOOKMARK [1][-]{section.1}{Porosity}{}% 1
\BOOKMARK [1][-]{section.2}{Hydraulic Conductivity}{}% 2
\BOOKMARK [1][-]{section.3}{Capillary Equations}{}% 3
\BOOKMARK [1][-]{section.4}{Soil moisture characteristic}{}% 4
\BOOKMARK [1][-]{section.5}{Electrical Properties}{}% 5
\BOOKMARK [2][-]{subsection.5.1}{General definition}{section.5}% 6
\BOOKMARK [2][-]{subsection.5.2}{Permittivity}{section.5}% 7
\BOOKMARK [2][-]{subsection.5.3}{Electrical Conductivity}{section.5}% 8
\BOOKMARK [2][-]{subsection.5.4}{Induced Polarisation}{section.5}% 9
\BOOKMARK [2][-]{subsection.5.5}{Coomplex Conductivtity}{section.5}% 10
\BOOKMARK [2][-]{subsection.5.6}{Legend}{section.5}% 11
\BOOKMARK [1][-]{section.6}{How to get to Poisson Law}{}% 12
\BOOKMARK [2][-]{subsection.6.1}{Basic equation}{section.6}% 13
\BOOKMARK [2][-]{subsection.6.2}{From Coulomb to Poisson}{section.6}% 14
\BOOKMARK [1][-]{section.7}{Electromagnetism}{}% 15
\BOOKMARK [2][-]{subsection.7.1}{Basic definition}{section.7}% 16
\BOOKMARK [2][-]{subsection.7.2}{Ampere law}{section.7}% 17
\BOOKMARK [2][-]{subsection.7.3}{Issue with Ampere law and derivation of Maxwell–Ampère equation}{section.7}% 18
\BOOKMARK [2][-]{subsection.7.4}{hello}{section.7}% 19
\BOOKMARK [1][-]{section.8}{Seismology}{}% 20
\BOOKMARK [1][-]{section.9}{Geostat}{}% 21
\BOOKMARK [2][-]{subsection.9.1}{Basic Definition}{section.9}% 22
