\BOOKMARK [1][-]{section.1}{Introduction}{}% 1
\BOOKMARK [2][-]{subsection.1.1}{Objectif}{section.1}% 2
\BOOKMARK [2][-]{subsection.1.2}{History and Development}{section.1}% 3
\BOOKMARK [1][-]{section.2}{Calculus of variations}{}% 4
\BOOKMARK [2][-]{subsection.2.1}{Definition}{section.2}% 5
\BOOKMARK [2][-]{subsection.2.2}{Fermat's theorem, Euler-Lagrange equation}{section.2}% 6
\BOOKMARK [2][-]{subsection.2.3}{Method of Lagrange multipliers}{section.2}% 7
\BOOKMARK [2][-]{subsection.2.4}{Karush-Kuhn-Tucker conditions}{section.2}% 8
\BOOKMARK [2][-]{subsection.2.5}{Lagrange duality}{section.2}% 9
\BOOKMARK [2][-]{subsection.2.6}{Markov-chain Monte Carlo \(MCMC\)}{section.2}% 10
\BOOKMARK [1][-]{section.3}{Problem Categorisation}{}% 11
\BOOKMARK [2][-]{subsection.3.1}{Global vs Local}{section.3}% 12
\BOOKMARK [2][-]{subsection.3.2}{Linear \(LP\), non-linear \(NLP\) and quadratic programming}{section.3}% 13
\BOOKMARK [2][-]{subsection.3.3}{Heuristic and Meta-heuristic}{section.3}% 14
\BOOKMARK [2][-]{subsection.3.4}{Pattern search}{section.3}% 15
\BOOKMARK [2][-]{subsection.3.5}{Stochastic vs Deterministic}{section.3}% 16
\BOOKMARK [2][-]{subsection.3.6}{Multi-objective optimization and Pareto Front}{section.3}% 17
\BOOKMARK [2][-]{subsection.3.7}{Rate of Convergence}{section.3}% 18
\BOOKMARK [1][-]{section.4}{Optimization algorithms}{}% 19
\BOOKMARK [2][-]{subsection.4.1}{Simplex Algorithm}{section.4}% 20
\BOOKMARK [1][-]{section.5}{Gradient-Based Algorithm \(Iterative methods\)}{}% 21
\BOOKMARK [2][-]{subsection.5.1}{Gradient descent}{section.5}% 22
\BOOKMARK [2][-]{subsection.5.2}{Conjugate gradient method}{section.5}% 23
\BOOKMARK [2][-]{subsection.5.3}{Newton's Method}{section.5}% 24
\BOOKMARK [3][-]{subsubsection.5.3.1}{Analysis}{subsection.5.3}% 25
\BOOKMARK [3][-]{subsubsection.5.3.2}{Failure}{subsection.5.3}% 26
\BOOKMARK [3][-]{subsubsection.5.3.3}{Generalization}{subsection.5.3}% 27
\BOOKMARK [2][-]{subsection.5.4}{Gauss-Newton Method}{section.5}% 28
\BOOKMARK [2][-]{subsection.5.5}{Levenberg–Marquardt algorithm}{section.5}% 29
\BOOKMARK [2][-]{subsection.5.6}{Quasi-Newton Method}{section.5}% 30
\BOOKMARK [1][-]{section.6}{Heuristics}{}% 31
\BOOKMARK [2][-]{subsection.6.1}{Particle swarm-essaims de particule}{section.6}% 32
\BOOKMARK [2][-]{subsection.6.2}{Evolutionist algorithm}{section.6}% 33
\BOOKMARK [2][-]{subsection.6.3}{Golden Section Search}{section.6}% 34
\BOOKMARK [2][-]{subsection.6.4}{Simulated annealing-recuit simulé}{section.6}% 35
