\BOOKMARK [1][-]{section.1}{Introduction}{}% 1
\BOOKMARK [2][-]{subsection.1.1}{Objetif}{section.1}% 2
\BOOKMARK [2][-]{subsection.1.2}{Other technique}{section.1}% 3
\BOOKMARK [2][-]{subsection.1.3}{History and Developement}{section.1}% 4
\BOOKMARK [2][-]{subsection.1.4}{Variogramm}{section.1}% 5
\BOOKMARK [1][-]{section.2}{Kriging Basic Description}{}% 6
\BOOKMARK [2][-]{subsection.2.1}{General Definition}{section.2}% 7
\BOOKMARK [2][-]{subsection.2.2}{MVUE}{section.2}% 8
\BOOKMARK [1][-]{section.3}{Method}{}% 9
\BOOKMARK [2][-]{subsection.3.1}{Simple Kriging}{section.3}% 10
\BOOKMARK [2][-]{subsection.3.2}{Ordinary Kriging}{section.3}% 11
\BOOKMARK [2][-]{subsection.3.3}{Kriging with a Trend}{section.3}% 12
\BOOKMARK [2][-]{subsection.3.4}{Block Kriging}{section.3}% 13
\BOOKMARK [2][-]{subsection.3.5}{Dual Kriging}{section.3}% 14
\BOOKMARK [2][-]{subsection.3.6}{Filtering}{section.3}% 15
\BOOKMARK [2][-]{subsection.3.7}{Non-linear Kriging}{section.3}% 16
\BOOKMARK [2][-]{subsection.3.8}{Indicator Kriging}{section.3}% 17
\BOOKMARK [1][-]{section.4}{Multivariate Kriging}{}% 18
\BOOKMARK [2][-]{subsection.4.1}{Cokriging}{section.4}% 19
\BOOKMARK [2][-]{subsection.4.2}{Kriging with external Drift}{section.4}% 20
\BOOKMARK [2][-]{subsection.4.3}{Collocated cokriging}{section.4}% 21
\BOOKMARK [2][-]{subsection.4.4}{Cosimulation}{section.4}% 22
\BOOKMARK [2][-]{subsection.4.5}{...}{section.4}% 23
\BOOKMARK [1][-]{section.5}{Search Strategie}{}% 24
\BOOKMARK [1][-]{section.6}{Limitation}{}% 25
\BOOKMARK [1][-]{section.7}{To go futher}{}% 26
