\BOOKMARK [1][-]{section.1}{Basic Concept and Definition}{}% 1
\BOOKMARK [2][-]{subsection.1.1}{Conditional Probability}{section.1}% 2
\BOOKMARK [2][-]{subsection.1.2}{Bayes Theorem}{section.1}% 3
\BOOKMARK [2][-]{subsection.1.3}{Joint Probability}{section.1}% 4
\BOOKMARK [2][-]{subsection.1.4}{Independence}{section.1}% 5
\BOOKMARK [2][-]{subsection.1.5}{Odd ratios}{section.1}% 6
\BOOKMARK [2][-]{subsection.1.6}{Kullback-Leibler \(KL\) divergence}{section.1}% 7
\BOOKMARK [1][-]{section.2}{Aggregation of Probabilities}{}% 8
\BOOKMARK [2][-]{subsection.2.1}{Properties}{section.2}% 9
\BOOKMARK [1][-]{section.3}{Aggregation Methods}{}% 10
\BOOKMARK [2][-]{subsection.3.1}{Additive Methods \(OR method\)}{section.3}% 11
\BOOKMARK [3][-]{subsubsection.3.1.1}{\(Generalized\) Linear Pooling}{subsection.3.1}% 12
\BOOKMARK [3][-]{subsubsection.3.1.2}{Beta-Transform Linear Pooling}{subsection.3.1}% 13
\BOOKMARK [2][-]{subsection.3.2}{Multiplicative Methods \(AND method\)}{section.3}% 14
\BOOKMARK [3][-]{subsubsection.3.2.1}{\(Generalized\) Log-linear Pooling}{subsection.3.2}% 15
\BOOKMARK [3][-]{subsubsection.3.2.2}{\(Generalized\) Logarithmic Pooling}{subsection.3.2}% 16
\BOOKMARK [3][-]{subsubsection.3.2.3}{Maximum Entropy Approach}{subsection.3.2}% 17
\BOOKMARK [2][-]{subsection.3.3}{Multiplication of Odds Methods}{section.3}% 18
\BOOKMARK [3][-]{subsubsection.3.3.1}{Bordley formula}{subsection.3.3}% 19
\BOOKMARK [3][-]{subsubsection.3.3.2}{Tau model}{subsection.3.3}% 20
\BOOKMARK [3][-]{subsubsection.3.3.3}{Nu-model}{subsection.3.3}% 21
