\BOOKMARK [1][-]{section.1}{Analyse}{}% 1
\BOOKMARK [2][-]{subsection.1.1}{Dell Operator }{section.1}% 2
\BOOKMARK [3][-]{subsubsection.1.1.1}{The gradient}{subsection.1.1}% 3
\BOOKMARK [3][-]{subsubsection.1.1.2}{The divergence}{subsection.1.1}% 4
\BOOKMARK [3][-]{subsubsection.1.1.3}{The Curl}{subsection.1.1}% 5
\BOOKMARK [3][-]{subsubsection.1.1.4}{Laplace operator}{subsection.1.1}% 6
\BOOKMARK [2][-]{subsection.1.2}{Derivative}{section.1}% 7
\BOOKMARK [3][-]{subsubsection.1.2.1}{Dependent and independent variables}{subsection.1.2}% 8
\BOOKMARK [3][-]{subsubsection.1.2.2}{Type of derivative}{subsection.1.2}% 9
\BOOKMARK [3][-]{subsubsection.1.2.3}{Chain Rule}{subsection.1.2}% 10
\BOOKMARK [1][-]{section.2}{Tools}{}% 11
\BOOKMARK [2][-]{subsection.2.1}{Conserved quantity}{section.2}% 12
\BOOKMARK [2][-]{subsection.2.2}{Flux}{section.2}% 13
\BOOKMARK [2][-]{subsection.2.3}{Incompressible flow}{section.2}% 14
\BOOKMARK [2][-]{subsection.2.4}{Diffusion, Advection and Dispersion}{section.2}% 15
\BOOKMARK [2][-]{subsection.2.5}{Convection}{section.2}% 16
\BOOKMARK [2][-]{subsection.2.6}{Lagrangian vs Eulerian}{section.2}% 17
\BOOKMARK [2][-]{subsection.2.7}{Gauss theorem}{section.2}% 18
\BOOKMARK [1][-]{section.3}{Continuity equation}{}% 19
\BOOKMARK [2][-]{subsection.3.1}{Material derivative}{section.3}% 20
\BOOKMARK [1][-]{section.4}{Navier-Stock}{}% 21
\BOOKMARK [2][-]{subsection.4.1}{Newton Second Law of Motion}{section.4}% 22
\BOOKMARK [2][-]{subsection.4.2}{Derivation of the Convective Term}{section.4}% 23
\BOOKMARK [2][-]{subsection.4.3}{Derivation of the Forcing Term}{section.4}% 24
\BOOKMARK [2][-]{subsection.4.4}{Finale expression}{section.4}% 25
\BOOKMARK [1][-]{section.5}{Euler Equation}{}% 26
\BOOKMARK [2][-]{subsection.5.1}{The vorticity equation}{section.5}% 27
\BOOKMARK [1][-]{section.6}{Convection–diffusion equation}{}% 28
