\BOOKMARK [1][-]{section.1}{Tool}{}% 1
\BOOKMARK [2][-]{subsection.1.1}{Hilbert Space Interpretation}{section.1}% 2
\BOOKMARK [2][-]{subsection.1.2}{Filter}{section.1}% 3
\BOOKMARK [3][-]{subsubsection.1.2.1}{Time-domain}{subsection.1.2}% 4
\BOOKMARK [3][-]{subsubsection.1.2.2}{Frequency-domain}{subsection.1.2}% 5
\BOOKMARK [2][-]{subsection.1.3}{Modulation}{section.1}% 6
\BOOKMARK [2][-]{subsection.1.4}{Perseval Theorem}{section.1}% 7
\BOOKMARK [2][-]{subsection.1.5}{Convolution}{section.1}% 8
\BOOKMARK [2][-]{subsection.1.6}{Moving Average}{section.1}% 9
\BOOKMARK [2][-]{subsection.1.7}{L-p space}{section.1}% 10
\BOOKMARK [2][-]{subsection.1.8}{Shannon sampling theorem}{section.1}% 11
\BOOKMARK [2][-]{subsection.1.9}{Complement and Supplement}{section.1}% 12
\BOOKMARK [2][-]{subsection.1.10}{Multiresolution analysis}{section.1}% 13
\BOOKMARK [2][-]{subsection.1.11}{Refinable function}{section.1}% 14
\BOOKMARK [2][-]{subsection.1.12}{Filter Bank Theory}{section.1}% 15
\BOOKMARK [1][-]{section.2}{Fourier Transform}{}% 16
\BOOKMARK [2][-]{subsection.2.1}{Continuous}{section.2}% 17
\BOOKMARK [2][-]{subsection.2.2}{Fourier Series}{section.2}% 18
\BOOKMARK [2][-]{subsection.2.3}{Discrete Fourier Transform \(DFT\)}{section.2}% 19
\BOOKMARK [2][-]{subsection.2.4}{Discrete Fourier Serie \(DFS\)}{section.2}% 20
\BOOKMARK [2][-]{subsection.2.5}{Discrete-Time Fourier Transform \(DTFT\)}{section.2}% 21
\BOOKMARK [2][-]{subsection.2.6}{Fast Fourier Transform \(FFT\)}{section.2}% 22
\BOOKMARK [2][-]{subsection.2.7}{2D image}{section.2}% 23
\BOOKMARK [2][-]{subsection.2.8}{Inconvenient of Fourier Analysis}{section.2}% 24
\BOOKMARK [2][-]{subsection.2.9}{Short-Time Fourier Transform \(STFT\)}{section.2}% 25
\BOOKMARK [2][-]{subsection.2.10}{Gabor transform}{section.2}% 26
\BOOKMARK [1][-]{section.3}{Wavelet Transform}{}% 27
\BOOKMARK [2][-]{subsection.3.1}{Introduction}{section.3}% 28
\BOOKMARK [3][-]{subsubsection.3.1.1}{History}{subsection.3.1}% 29
\BOOKMARK [3][-]{subsubsection.3.1.2}{Reasoning}{subsection.3.1}% 30
\BOOKMARK [2][-]{subsection.3.2}{Mother Wavelet}{section.3}% 31
\BOOKMARK [2][-]{subsection.3.3}{Children wavelet}{section.3}% 32
\BOOKMARK [2][-]{subsection.3.4}{Continuous wavelet transforms \(CWT\)}{section.3}% 33
\BOOKMARK [2][-]{subsection.3.5}{Discrete wavelet transforms \(DWT\)}{section.3}% 34
\BOOKMARK [2][-]{subsection.3.6}{Reconstruction}{section.3}% 35
\BOOKMARK [2][-]{subsection.3.7}{Filtering approch}{section.3}% 36
\BOOKMARK [2][-]{subsection.3.8}{Multiresolution analysis}{section.3}% 37
\BOOKMARK [3][-]{subsubsection.3.8.1}{Approximation and detail space}{subsection.3.8}% 38
\BOOKMARK [2][-]{subsection.3.9}{Orthogonal Basis}{section.3}% 39
\BOOKMARK [2][-]{subsection.3.10}{Two-scale relation}{section.3}% 40
\BOOKMARK [2][-]{subsection.3.11}{Construction and }{section.3}% 41
\BOOKMARK [2][-]{subsection.3.12}{Wavelet for Images}{section.3}% 42
